[Tue Oct 24 2017 22:37:14 GMT+0900 (대한민국 표준시)] [REQUEST] GET /signin undefined
[Tue Oct 24 2017 22:37:44 GMT+0900 (대한민국 표준시)] [INFO] server was running on 8000 port
[Tue Oct 24 2017 22:37:46 GMT+0900 (대한민국 표준시)] [REQUEST] GET / undefined
[Tue Oct 24 2017 22:37:56 GMT+0900 (대한민국 표준시)] [REQUEST] GET /signin undefined
[Tue Oct 24 2017 22:39:07 GMT+0900 (대한민국 표준시)] [INFO] server was running on 8000 port
[Tue Oct 24 2017 22:39:12 GMT+0900 (대한민국 표준시)] [REQUEST] GET / undefined
[Tue Oct 24 2017 22:39:46 GMT+0900 (대한민국 표준시)] [REQUEST] GET /signin undefined
[Tue Oct 24 2017 22:44:14 GMT+0900 (대한민국 표준시)] [INFO] server was running on 8000 port
[Tue Oct 24 2017 22:44:17 GMT+0900 (대한민국 표준시)] [REQUEST] GET /signin undefined
[Tue Oct 24 2017 22:44:20 GMT+0900 (대한민국 표준시)] [REQUEST] GET / undefined
[Tue Oct 24 2017 22:44:29 GMT+0900 (대한민국 표준시)] [REQUEST] GET / undefined
[Tue Oct 24 2017 22:45:05 GMT+0900 (대한민국 표준시)] [REQUEST] GET / undefined
[Tue Oct 24 2017 22:45:10 GMT+0900 (대한민국 표준시)] [INFO] server was running on 8000 port
[Tue Oct 24 2017 22:45:16 GMT+0900 (대한민국 표준시)] [REQUEST] GET / undefined
[Tue Oct 24 2017 22:45:53 GMT+0900 (대한민국 표준시)] [INFO] server was running on 8000 port
[Tue Oct 24 2017 22:45:56 GMT+0900 (대한민국 표준시)] [REQUEST] GET /
[Tue Oct 24 2017 22:46:04 GMT+0900 (대한민국 표준시)] [REQUEST] GET /signin
[Tue Oct 24 2017 22:46:58 GMT+0900 (대한민국 표준시)] [REQUEST] GET /signin
[Tue Oct 24 2017 22:47:33 GMT+0900 (대한민국 표준시)] [INFO] server was running on 8000 port
[Tue Oct 24 2017 22:47:56 GMT+0900 (대한민국 표준시)] [REQUEST] GET /signin
[Tue Oct 24 2017 22:48:00 GMT+0900 (대한민국 표준시)] [REQUEST] GET /signup
